# JRE version: Java(TM) SE Runtime Environment (8.0_25-b18) (build 1.8.0_25-b18)
# Java VM: Java HotSpot(TM) 64-Bit Server VM (25.25-b02 mixed mode windows-amd64 compressed oops)
Heap:
 PSYoungGen      total 210432K, used 7607K [0x00000000d5f00000, 0x00000000e3a80000, 0x0000000100000000)
  eden space 196096K, 3% used [0x00000000d5f00000,0x00000000d666dfa8,0x00000000e1e80000)
  from space 14336K, 0% used [0x00000000e1e80000,0x00000000e1e80000,0x00000000e2c80000)
  to   space 13312K, 0% used [0x00000000e2d80000,0x00000000e2d80000,0x00000000e3a80000)
 ParOldGen       total 100352K, used 19880K [0x0000000081c00000, 0x0000000087e00000, 0x00000000d5f00000)
  object space 100352K, 19% used [0x0000000081c00000,0x0000000082f6a320,0x0000000087e00000)
 Metaspace       used 34277K, capacity 35776K, committed 36056K, reserved 1083392K
  class space    used 4492K, capacity 4739K, committed 4864K, reserved 1048576K
GC Heap History (10 events):
Event: 2.000 GC heap before
{Heap before GC invocations=5 (full 1):
 PSYoungGen      total 138240K, used 5104K [0x00000000d5f00000, 0x00000000deb00000, 0x0000000100000000)
  eden space 133120K, 0% used [0x00000000d5f00000,0x00000000d5f00000,0x00000000de100000)
  from space 5120K, 99% used [0x00000000de600000,0x00000000deafc2c0,0x00000000deb00000)
  to   space 5120K, 0% used [0x00000000de100000,0x00000000de100000,0x00000000de600000)
 ParOldGen       total 87552K, used 10018K [0x0000000081c00000, 0x0000000087180000, 0x00000000d5f00000)
  object space 87552K, 11% used [0x0000000081c00000,0x00000000825c8b28,0x0000000087180000)
 Metaspace       used 20646K, capacity 21198K, committed 21248K, reserved 1067008K
  class space    used 2670K, capacity 2800K, committed 2816K, reserved 1048576K
Event: 2.035 GC heap after
Heap after GC invocations=5 (full 1):
 PSYoungGen      total 138240K, used 0K [0x00000000d5f00000, 0x00000000deb00000, 0x0000000100000000)
  eden space 133120K, 0% used [0x00000000d5f00000,0x00000000d5f00000,0x00000000de100000)
  from space 5120K, 0% used [0x00000000de600000,0x00000000de600000,0x00000000deb00000)
  to   space 5120K, 0% used [0x00000000de100000,0x00000000de100000,0x00000000de600000)
 ParOldGen       total 62464K, used 7711K [0x0000000081c00000, 0x0000000085900000, 0x00000000d5f00000)
  object space 62464K, 12% used [0x0000000081c00000,0x0000000082387e48,0x0000000085900000)
 Metaspace       used 20645K, capacity 21196K, committed 21248K, reserved 1067008K
  class space    used 2669K, capacity 2799K, committed 2816K, reserved 1048576K
}
Event: 4.992 GC heap before
{Heap before GC invocations=6 (full 1):
 PSYoungGen      total 138240K, used 133120K [0x00000000d5f00000, 0x00000000deb00000, 0x0000000100000000)
  eden space 133120K, 100% used [0x00000000d5f00000,0x00000000de100000,0x00000000de100000)
  from space 5120K, 0% used [0x00000000de600000,0x00000000de600000,0x00000000deb00000)
  to   space 5120K, 0% used [0x00000000de100000,0x00000000de100000,0x00000000de600000)
 ParOldGen       total 62464K, used 7711K [0x0000000081c00000, 0x0000000085900000, 0x00000000d5f00000)
  object space 62464K, 12% used [0x0000000081c00000,0x0000000082387e48,0x0000000085900000)
 Metaspace       used 29309K, capacity 30300K, committed 30464K, reserved 1075200K
  class space    used 3810K, capacity 4016K, committed 4096K, reserved 1048576K
Event: 5.020 GC heap after
Heap after GC invocations=6 (full 1):
 PSYoungGen      total 138240K, used 5103K [0x00000000d5f00000, 0x00000000e3a80000, 0x0000000100000000)
  eden space 133120K, 0% used [0x00000000d5f00000,0x00000000d5f00000,0x00000000de100000)
  from space 5120K, 99% used [0x00000000de100000,0x00000000de5fbc60,0x00000000de600000)
  to   space 13312K, 0% used [0x00000000e2d80000,0x00000000e2d80000,0x00000000e3a80000)
 ParOldGen       total 62464K, used 15593K [0x0000000081c00000, 0x0000000085900000, 0x00000000d5f00000)
  object space 62464K, 24% used [0x0000000081c00000,0x0000000082b3a698,0x0000000085900000)
 Metaspace       used 29309K, capacity 30300K, committed 30464K, reserved 1075200K
  class space    used 3810K, capacity 4016K, committed 4096K, reserved 1048576K
}
Event: 6.389 GC heap before
{Heap before GC invocations=7 (full 1):
 PSYoungGen      total 138240K, used 138223K [0x00000000d5f00000, 0x00000000e3a80000, 0x0000000100000000)
  eden space 133120K, 100% used [0x00000000d5f00000,0x00000000de100000,0x00000000de100000)
  from space 5120K, 99% used [0x00000000de100000,0x00000000de5fbc60,0x00000000de600000)
  to   space 13312K, 0% used [0x00000000e2d80000,0x00000000e2d80000,0x00000000e3a80000)
 ParOldGen       total 62464K, used 15593K [0x0000000081c00000, 0x0000000085900000, 0x00000000d5f00000)
  object space 62464K, 24% used [0x0000000081c00000,0x0000000082b3a698,0x0000000085900000)
 Metaspace       used 33478K, capacity 34706K, committed 34816K, reserved 1079296K
  class space    used 4392K, capacity 4608K, committed 4608K, reserved 1048576K
Event: 6.406 GC heap after
Heap after GC invocations=7 (full 1):
 PSYoungGen      total 209408K, used 11843K [0x00000000d5f00000, 0x00000000e3a80000, 0x0000000100000000)
  eden space 196096K, 0% used [0x00000000d5f00000,0x00000000d5f00000,0x00000000e1e80000)
  from space 13312K, 88% used [0x00000000e2d80000,0x00000000e3910c40,0x00000000e3a80000)
  to   space 14336K, 0% used [0x00000000e1e80000,0x00000000e1e80000,0x00000000e2c80000)
 ParOldGen       total 62464K, used 15601K [0x0000000081c00000, 0x0000000085900000, 0x00000000d5f00000)
  object space 62464K, 24% used [0x0000000081c00000,0x0000000082b3c698,0x0000000085900000)
 Metaspace       used 33478K, capacity 34706K, committed 34816K, reserved 1079296K
  class space    used 4392K, capacity 4608K, committed 4608K, reserved 1048576K
}
Event: 6.594 GC heap before
{Heap before GC invocations=8 (full 1):
 PSYoungGen      total 209408K, used 31039K [0x00000000d5f00000, 0x00000000e3a80000, 0x0000000100000000)
  eden space 196096K, 9% used [0x00000000d5f00000,0x00000000d71befe8,0x00000000e1e80000)
  from space 13312K, 88% used [0x00000000e2d80000,0x00000000e3910c40,0x00000000e3a80000)
  to   space 14336K, 0% used [0x00000000e1e80000,0x00000000e1e80000,0x00000000e2c80000)
 ParOldGen       total 62464K, used 15601K [0x0000000081c00000, 0x0000000085900000, 0x00000000d5f00000)
  object space 62464K, 24% used [0x0000000081c00000,0x0000000082b3c698,0x0000000085900000)
 Metaspace       used 34071K, capacity 35360K, committed 35416K, reserved 1079296K
  class space    used 4453K, capacity 4687K, committed 4736K, reserved 1048576K
Event: 6.604 GC heap after
Heap after GC invocations=8 (full 1):
 PSYoungGen      total 210432K, used 9304K [0x00000000d5f00000, 0x00000000e3a80000, 0x0000000100000000)
  eden space 196096K, 0% used [0x00000000d5f00000,0x00000000d5f00000,0x00000000e1e80000)
  from space 14336K, 64% used [0x00000000e1e80000,0x00000000e2796248,0x00000000e2c80000)
  to   space 13312K, 0% used [0x00000000e2d80000,0x00000000e2d80000,0x00000000e3a80000)
 ParOldGen       total 62464K, used 15673K [0x0000000081c00000, 0x0000000085900000, 0x00000000d5f00000)
  object space 62464K, 25% used [0x0000000081c00000,0x0000000082b4e6a8,0x0000000085900000)
 Metaspace       used 34071K, capacity 35360K, committed 35416K, reserved 1079296K
  class space    used 4453K, capacity 4687K, committed 4736K, reserved 1048576K
}
Event: 6.604 GC heap before
{Heap before GC invocations=9 (full 2):
 PSYoungGen      total 210432K, used 9304K [0x00000000d5f00000, 0x00000000e3a80000, 0x0000000100000000)
  eden space 196096K, 0% used [0x00000000d5f00000,0x00000000d5f00000,0x00000000e1e80000)
  from space 14336K, 64% used [0x00000000e1e80000,0x00000000e2796248,0x00000000e2c80000)
  to   space 13312K, 0% used [0x00000000e2d80000,0x00000000e2d80000,0x00000000e3a80000)
 ParOldGen       total 62464K, used 15673K [0x0000000081c00000, 0x0000000085900000, 0x00000000d5f00000)
  object space 62464K, 25% used [0x0000000081c00000,0x0000000082b4e6a8,0x0000000085900000)
 Metaspace       used 34071K, capacity 35360K, committed 35416K, reserved 1079296K
  class space    used 4453K, capacity 4687K, committed 4736K, reserved 1048576K
Event: 6.699 GC heap after
Heap after GC invocations=9 (full 2):
 PSYoungGen      total 210432K, used 0K [0x00000000d5f00000, 0x00000000e3a80000, 0x0000000100000000)
  eden space 196096K, 0% used [0x00000000d5f00000,0x00000000d5f00000,0x00000000e1e80000)
  from space 14336K, 0% used [0x00000000e1e80000,0x00000000e1e80000,0x00000000e2c80000)
  to   space 13312K, 0% used [0x00000000e2d80000,0x00000000e2d80000,0x00000000e3a80000)
 ParOldGen       total 100352K, used 19880K [0x0000000081c00000, 0x0000000087e00000, 0x00000000d5f00000)
  object space 100352K, 19% used [0x0000000081c00000,0x0000000082f6a320,0x0000000087e00000)
 Metaspace       used 34071K, capacity 35360K, committed 35416K, reserved 1079296K
  class space    used 4453K, capacity 4687K, committed 4736K, reserved 1048576K
}

